C:\Program Files (x86)\Microsoft Visual Studio\2017\Community\Common7\IDE\VC\VCTargets\Microsoft.CppBuild.targets(391,5): warning MSB8028: The intermediate directory (Debug\) contains files shared from another project (Project1.vcxproj, Tetris_game.vcxproj).  This can lead to incorrect clean and rebuild behavior.
  main.cpp
c:\users\damian\desktop\cpp\consoleapplication3\project1\project1\piece.h(156): warning C4018: '<': signed/unsigned mismatch
c:\users\damian\desktop\cpp\consoleapplication3\project1\project1\board.h(32): warning C4244: 'initializing': conversion from 'T' to 'int', possible loss of data
          with
          [
              T=float
          ]
c:\users\damian\desktop\cpp\consoleapplication3\project1\project1\board.h(33): warning C4244: 'initializing': conversion from 'T' to 'int', possible loss of data
          with
          [
              T=float
          ]
c:\users\damian\desktop\cpp\consoleapplication3\project1\project1\main.cpp(42): warning C4244: 'argument': conversion from 'time_t' to 'unsigned int', possible loss of data
c:\users\damian\desktop\cpp\consoleapplication3\project1\project1\main.cpp(423): warning C4244: 'initializing': conversion from 'float' to 'int', possible loss of data
c:\users\damian\desktop\cpp\consoleapplication3\project1\project1\main.cpp(430): warning C4244: 'argument': conversion from 'int' to 'float', possible loss of data
c:\users\damian\desktop\cpp\consoleapplication3\project1\project1\main.cpp(435): warning C4244: 'argument': conversion from 'int' to 'float', possible loss of data
c:\users\damian\desktop\cpp\consoleapplication3\project1\project1\main.cpp(440): warning C4244: 'argument': conversion from 'int' to 'float', possible loss of data
c:\users\damian\desktop\cpp\consoleapplication3\project1\project1\main.cpp(445): warning C4244: 'argument': conversion from 'int' to 'float', possible loss of data
c:\users\damian\desktop\cpp\consoleapplication3\project1\project1\main.cpp(450): warning C4244: 'argument': conversion from 'int' to 'float', possible loss of data
c:\users\damian\desktop\cpp\consoleapplication3\project1\project1\main.cpp(455): warning C4244: 'argument': conversion from 'int' to 'float', possible loss of data
c:\users\damian\desktop\cpp\consoleapplication3\project1\project1\main.cpp(460): warning C4244: 'argument': conversion from 'int' to 'float', possible loss of data
c:\users\damian\desktop\cpp\consoleapplication3\project1\project1\main.cpp(464): warning C4715: 'random_piece': not all control paths return a value
  Project1.vcxproj -> C:\Users\Damian\Desktop\cpp\ConsoleApplication3\Project1\Debug\Tetris game.exe
